<?xml version="1.0" encoding="UTF-8"?>
<testsuite name="org.apache.hadoop.fs.TestFileUtil" time="6.884" tests="25" errors="2" skipped="0" failures="0">
  <properties>
    <property name="java.runtime.name" value="Java(TM) SE Runtime Environment"/>
    <property name="sun.boot.library.path" value="/System/Library/Java/JavaVirtualMachines/1.6.0.jdk/Contents/Libraries"/>
    <property name="java.vm.version" value="20.65-b04-462"/>
    <property name="awt.nativeDoubleBuffering" value="true"/>
    <property name="gopherProxySet" value="false"/>
    <property name="mrj.build" value="11M4609"/>
    <property name="java.vm.vendor" value="Apple Inc."/>
    <property name="java.vendor.url" value="http://www.apple.com/"/>
    <property name="path.separator" value=":"/>
    <property name="guice.disable.misplaced.annotation.check" value="true"/>
    <property name="java.vm.name" value="Java HotSpot(TM) 64-Bit Server VM"/>
    <property name="file.encoding.pkg" value="sun.io"/>
    <property name="user.country" value="US"/>
    <property name="sun.java.launcher" value="SUN_STANDARD"/>
    <property name="sun.os.patch.level" value="unknown"/>
    <property name="java.vm.specification.name" value="Java Virtual Machine Specification"/>
    <property name="user.dir" value="/Volumes/Macintosh Users/Users/sungsoo/github/hadoop-2.4.0"/>
    <property name="java.runtime.version" value="1.6.0_65-b14-462-11M4609"/>
    <property name="java.awt.graphicsenv" value="apple.awt.CGraphicsEnvironment"/>
    <property name="java.endorsed.dirs" value="/System/Library/Java/JavaVirtualMachines/1.6.0.jdk/Contents/Home/lib/endorsed"/>
    <property name="os.arch" value="x86_64"/>
    <property name="java.io.tmpdir" value="/var/folders/bc/f62d22p11t13xqyqxwm793mc0000gn/T/"/>
    <property name="line.separator" value="&#10;"/>
    <property name="java.vm.specification.vendor" value="Sun Microsystems Inc."/>
    <property name="os.name" value="Mac OS X"/>
    <property name="classworlds.conf" value="/opt/local/share/java/maven3/bin/m2.conf"/>
    <property name="sun.jnu.encoding" value="MacRoman"/>
    <property name="java.library.path" value=".:/Library/Java/Extensions:/System/Library/Java/Extensions:/usr/lib/java"/>
    <property name="java.specification.name" value="Java Platform API Specification"/>
    <property name="java.class.version" value="50.0"/>
    <property name="sun.management.compiler" value="HotSpot 64-Bit Tiered Compilers"/>
    <property name="os.version" value="10.9.2"/>
    <property name="http.nonProxyHosts" value="local|*.local|169.254/16|*.169.254/16"/>
    <property name="user.home" value="/Volumes/Macintosh Users/Users/sungsoo"/>
    <property name="user.timezone" value="Asia/Seoul"/>
    <property name="java.awt.printerjob" value="apple.awt.CPrinterJob"/>
    <property name="java.specification.version" value="1.6"/>
    <property name="file.encoding" value="MacRoman"/>
    <property name="user.name" value="sungsoo"/>
    <property name="java.class.path" value="/opt/local/share/java/maven3/boot/plexus-classworlds-2.4.jar"/>
    <property name="java.vm.specification.version" value="1.0"/>
    <property name="sun.arch.data.model" value="64"/>
    <property name="java.home" value="/System/Library/Java/JavaVirtualMachines/1.6.0.jdk/Contents/Home"/>
    <property name="sun.java.command" value="org.codehaus.plexus.classworlds.launcher.Launcher install"/>
    <property name="java.specification.vendor" value="Sun Microsystems Inc."/>
    <property name="user.language" value="en"/>
    <property name="awt.toolkit" value="apple.awt.CToolkit"/>
    <property name="java.vm.info" value="mixed mode"/>
    <property name="java.version" value="1.6.0_65"/>
    <property name="java.ext.dirs" value="/Library/Java/Extensions:/System/Library/Java/Extensions:/System/Library/Java/JavaVirtualMachines/1.6.0.jdk/Contents/Home/lib/ext"/>
    <property name="sun.boot.class.path" value="/System/Library/Java/JavaVirtualMachines/1.6.0.jdk/Contents/Classes/jsfd.jar:/System/Library/Java/JavaVirtualMachines/1.6.0.jdk/Contents/Classes/classes.jar:/System/Library/Frameworks/JavaVM.framework/Frameworks/JavaRuntimeSupport.framework/Resources/Java/JavaRuntimeSupport.jar:/System/Library/Java/JavaVirtualMachines/1.6.0.jdk/Contents/Classes/ui.jar:/System/Library/Java/JavaVirtualMachines/1.6.0.jdk/Contents/Classes/laf.jar:/System/Library/Java/JavaVirtualMachines/1.6.0.jdk/Contents/Classes/sunrsasign.jar:/System/Library/Java/JavaVirtualMachines/1.6.0.jdk/Contents/Classes/jsse.jar:/System/Library/Java/JavaVirtualMachines/1.6.0.jdk/Contents/Classes/jce.jar:/System/Library/Java/JavaVirtualMachines/1.6.0.jdk/Contents/Classes/charsets.jar"/>
    <property name="java.vendor" value="Apple Inc."/>
    <property name="maven.home" value="/opt/local/share/java/maven3"/>
    <property name="file.separator" value="/"/>
    <property name="java.vendor.url.bug" value="http://bugreport.apple.com/"/>
    <property name="sun.cpu.endian" value="little"/>
    <property name="sun.io.unicode.encoding" value="UnicodeLittle"/>
    <property name="mrj.version" value="1070.1.6.0_65-462"/>
    <property name="socksNonProxyHosts" value="local|*.local|169.254/16|*.169.254/16"/>
    <property name="ftp.nonProxyHosts" value="local|*.local|169.254/16|*.169.254/16"/>
    <property name="sun.cpu.isalist" value=""/>
  </properties>
  <testcase name="testListFiles" classname="org.apache.hadoop.fs.TestFileUtil" time="0.044"/>
  <testcase name="testListAPI" classname="org.apache.hadoop.fs.TestFileUtil" time="0.025"/>
  <testcase name="testFullyDelete" classname="org.apache.hadoop.fs.TestFileUtil" time="0.02"/>
  <testcase name="testFullyDeleteSymlinks" classname="org.apache.hadoop.fs.TestFileUtil" time="0.02"/>
  <testcase name="testFullyDeleteDanglingSymlinks" classname="org.apache.hadoop.fs.TestFileUtil" time="0.02"/>
  <testcase name="testFullyDeleteContents" classname="org.apache.hadoop.fs.TestFileUtil" time="0.019"/>
  <testcase name="testFailFullyDelete" classname="org.apache.hadoop.fs.TestFileUtil" time="0.018"/>
  <testcase name="testFailFullyDeleteGrantPermissions" classname="org.apache.hadoop.fs.TestFileUtil" time="0.016"/>
  <testcase name="testFailFullyDeleteContents" classname="org.apache.hadoop.fs.TestFileUtil" time="0.015"/>
  <testcase name="testFailFullyDeleteContentsGrantPermissions" classname="org.apache.hadoop.fs.TestFileUtil" time="0.014"/>
  <testcase name="testCopyMergeSingleDirectory" classname="org.apache.hadoop.fs.TestFileUtil" time="0.278"/>
  <testcase name="testGetDU" classname="org.apache.hadoop.fs.TestFileUtil" time="0.057"/>
  <testcase name="testUnTar" classname="org.apache.hadoop.fs.TestFileUtil" time="0.058">
    <error message="tar: Error opening archive: Failed to open &apos;/Volumes/Macintosh&apos;&#10;" type="org.apache.hadoop.util.Shell$ExitCodeException">org.apache.hadoop.util.Shell$ExitCodeException: tar: Error opening archive: Failed to open '/Volumes/Macintosh'

	at org.apache.hadoop.util.Shell.runCommand(Shell.java:505)
	at org.apache.hadoop.util.Shell.run(Shell.java:418)
	at org.apache.hadoop.util.Shell$ShellCommandExecutor.execute(Shell.java:650)
	at org.apache.hadoop.fs.FileUtil.unTarUsingTar(FileUtil.java:675)
	at org.apache.hadoop.fs.FileUtil.unTar(FileUtil.java:651)
	at org.apache.hadoop.fs.TestFileUtil.testUnTar(TestFileUtil.java:635)
</error>
  </testcase>
  <testcase name="testReplaceFile" classname="org.apache.hadoop.fs.TestFileUtil" time="6.031"/>
  <testcase name="testCreateLocalTempFile" classname="org.apache.hadoop.fs.TestFileUtil" time="0.049"/>
  <testcase name="testUnZip" classname="org.apache.hadoop.fs.TestFileUtil" time="0.029"/>
  <testcase name="testCopy5" classname="org.apache.hadoop.fs.TestFileUtil" time="0.06"/>
  <testcase name="testStat2Paths1" classname="org.apache.hadoop.fs.TestFileUtil" time="0.001"/>
  <testcase name="testStat2Paths2" classname="org.apache.hadoop.fs.TestFileUtil" time="0.001"/>
  <testcase name="testSymlink" classname="org.apache.hadoop.fs.TestFileUtil" time="0.01"/>
  <testcase name="testSymlinkRenameTo" classname="org.apache.hadoop.fs.TestFileUtil" time="0.01"/>
  <testcase name="testSymlinkDelete" classname="org.apache.hadoop.fs.TestFileUtil" time="0.008"/>
  <testcase name="testSymlinkLength" classname="org.apache.hadoop.fs.TestFileUtil" time="0.01"/>
  <testcase name="testUntar" classname="org.apache.hadoop.fs.TestFileUtil" time="0.028">
    <error message="tar: Error opening archive: Failed to open &apos;/Volumes/Macintosh&apos;&#10;" type="org.apache.hadoop.util.Shell$ExitCodeException">org.apache.hadoop.util.Shell$ExitCodeException: tar: Error opening archive: Failed to open '/Volumes/Macintosh'

	at org.apache.hadoop.util.Shell.runCommand(Shell.java:505)
	at org.apache.hadoop.util.Shell.run(Shell.java:418)
	at org.apache.hadoop.util.Shell$ShellCommandExecutor.execute(Shell.java:650)
	at org.apache.hadoop.fs.FileUtil.unTarUsingTar(FileUtil.java:675)
	at org.apache.hadoop.fs.FileUtil.unTar(FileUtil.java:651)
	at org.apache.hadoop.fs.TestFileUtil.doUntarAndVerify(TestFileUtil.java:977)
	at org.apache.hadoop.fs.TestFileUtil.testUntar(TestFileUtil.java:1009)
</error>
  </testcase>
  <testcase name="testCreateJarWithClassPath" classname="org.apache.hadoop.fs.TestFileUtil" time="0.043"/>
</testsuite>