<?xml version="1.0" encoding="UTF-8"?>
<testsuite name="org.apache.hadoop.fs.TestTrash" time="0.458" tests="4" errors="1" skipped="0" failures="2">
  <properties>
    <property name="java.runtime.name" value="Java(TM) SE Runtime Environment"/>
    <property name="sun.boot.library.path" value="/System/Library/Java/JavaVirtualMachines/1.6.0.jdk/Contents/Libraries"/>
    <property name="java.vm.version" value="20.65-b04-462"/>
    <property name="awt.nativeDoubleBuffering" value="true"/>
    <property name="gopherProxySet" value="false"/>
    <property name="mrj.build" value="11M4609"/>
    <property name="java.vm.vendor" value="Apple Inc."/>
    <property name="java.vendor.url" value="http://www.apple.com/"/>
    <property name="path.separator" value=":"/>
    <property name="guice.disable.misplaced.annotation.check" value="true"/>
    <property name="java.vm.name" value="Java HotSpot(TM) 64-Bit Server VM"/>
    <property name="file.encoding.pkg" value="sun.io"/>
    <property name="user.country" value="US"/>
    <property name="sun.java.launcher" value="SUN_STANDARD"/>
    <property name="sun.os.patch.level" value="unknown"/>
    <property name="java.vm.specification.name" value="Java Virtual Machine Specification"/>
    <property name="user.dir" value="/Volumes/Macintosh Users/Users/sungsoo/github/hadoop-2.4.0"/>
    <property name="java.runtime.version" value="1.6.0_65-b14-462-11M4609"/>
    <property name="java.awt.graphicsenv" value="apple.awt.CGraphicsEnvironment"/>
    <property name="java.endorsed.dirs" value="/System/Library/Java/JavaVirtualMachines/1.6.0.jdk/Contents/Home/lib/endorsed"/>
    <property name="os.arch" value="x86_64"/>
    <property name="java.io.tmpdir" value="/var/folders/bc/f62d22p11t13xqyqxwm793mc0000gn/T/"/>
    <property name="line.separator" value="&#10;"/>
    <property name="java.vm.specification.vendor" value="Sun Microsystems Inc."/>
    <property name="os.name" value="Mac OS X"/>
    <property name="classworlds.conf" value="/opt/local/share/java/maven3/bin/m2.conf"/>
    <property name="sun.jnu.encoding" value="MacRoman"/>
    <property name="java.library.path" value=".:/Library/Java/Extensions:/System/Library/Java/Extensions:/usr/lib/java"/>
    <property name="java.specification.name" value="Java Platform API Specification"/>
    <property name="java.class.version" value="50.0"/>
    <property name="sun.management.compiler" value="HotSpot 64-Bit Tiered Compilers"/>
    <property name="os.version" value="10.9.2"/>
    <property name="http.nonProxyHosts" value="local|*.local|169.254/16|*.169.254/16"/>
    <property name="user.home" value="/Volumes/Macintosh Users/Users/sungsoo"/>
    <property name="user.timezone" value="Asia/Seoul"/>
    <property name="java.awt.printerjob" value="apple.awt.CPrinterJob"/>
    <property name="java.specification.version" value="1.6"/>
    <property name="file.encoding" value="MacRoman"/>
    <property name="user.name" value="sungsoo"/>
    <property name="java.class.path" value="/opt/local/share/java/maven3/boot/plexus-classworlds-2.4.jar"/>
    <property name="java.vm.specification.version" value="1.0"/>
    <property name="sun.arch.data.model" value="64"/>
    <property name="java.home" value="/System/Library/Java/JavaVirtualMachines/1.6.0.jdk/Contents/Home"/>
    <property name="sun.java.command" value="org.codehaus.plexus.classworlds.launcher.Launcher install"/>
    <property name="java.specification.vendor" value="Sun Microsystems Inc."/>
    <property name="user.language" value="en"/>
    <property name="awt.toolkit" value="apple.awt.CToolkit"/>
    <property name="java.vm.info" value="mixed mode"/>
    <property name="java.version" value="1.6.0_65"/>
    <property name="java.ext.dirs" value="/Library/Java/Extensions:/System/Library/Java/Extensions:/System/Library/Java/JavaVirtualMachines/1.6.0.jdk/Contents/Home/lib/ext"/>
    <property name="sun.boot.class.path" value="/System/Library/Java/JavaVirtualMachines/1.6.0.jdk/Contents/Classes/jsfd.jar:/System/Library/Java/JavaVirtualMachines/1.6.0.jdk/Contents/Classes/classes.jar:/System/Library/Frameworks/JavaVM.framework/Frameworks/JavaRuntimeSupport.framework/Resources/Java/JavaRuntimeSupport.jar:/System/Library/Java/JavaVirtualMachines/1.6.0.jdk/Contents/Classes/ui.jar:/System/Library/Java/JavaVirtualMachines/1.6.0.jdk/Contents/Classes/laf.jar:/System/Library/Java/JavaVirtualMachines/1.6.0.jdk/Contents/Classes/sunrsasign.jar:/System/Library/Java/JavaVirtualMachines/1.6.0.jdk/Contents/Classes/jsse.jar:/System/Library/Java/JavaVirtualMachines/1.6.0.jdk/Contents/Classes/jce.jar:/System/Library/Java/JavaVirtualMachines/1.6.0.jdk/Contents/Classes/charsets.jar"/>
    <property name="java.vendor" value="Apple Inc."/>
    <property name="maven.home" value="/opt/local/share/java/maven3"/>
    <property name="file.separator" value="/"/>
    <property name="java.vendor.url.bug" value="http://bugreport.apple.com/"/>
    <property name="sun.cpu.endian" value="little"/>
    <property name="sun.io.unicode.encoding" value="UnicodeLittle"/>
    <property name="mrj.version" value="1070.1.6.0_65-462"/>
    <property name="socksNonProxyHosts" value="local|*.local|169.254/16|*.169.254/16"/>
    <property name="ftp.nonProxyHosts" value="local|*.local|169.254/16|*.169.254/16"/>
    <property name="sun.cpu.isalist" value=""/>
  </properties>
  <testcase name="testTrash" classname="org.apache.hadoop.fs.TestTrash" time="0.38">
    <failure type="junit.framework.AssertionFailedError:">junit.framework.AssertionFailedError: null
	at junit.framework.Assert.fail(Assert.java:48)
	at junit.framework.Assert.assertTrue(Assert.java:20)
	at junit.framework.Assert.assertTrue(Assert.java:27)
	at org.apache.hadoop.fs.TestTrash.mkdir(TestTrash.java:49)
	at org.apache.hadoop.fs.TestTrash.trashShell(TestTrash.java:133)
	at org.apache.hadoop.fs.TestTrash.trashShell(TestTrash.java:100)
	at org.apache.hadoop.fs.TestTrash.testTrash(TestTrash.java:500)
</failure>
    <system-out><![CDATA[2014-04-20 10:24:07,330 WARN  util.NativeCodeLoader (NativeCodeLoader.java:<clinit>(62)) - Unable to load native-hadoop library for your platform... using builtin-java classes where applicable
2014-04-20 10:24:07,416 INFO  fs.TrashPolicyDefault (TrashPolicyDefault.java:initialize(92)) - Namenode trash configuration: Deletion interval = 0 minutes, Emptier interval = 0 minutes.
2014-04-20 10:24:07,417 INFO  fs.TrashPolicyDefault (TrashPolicyDefault.java:initialize(92)) - Namenode trash configuration: Deletion interval = 10 minutes, Emptier interval = 0 minutes.
2014-04-20 10:24:07,420 INFO  fs.TrashPolicyDefault (TrashPolicyDefault.java:initialize(92)) - Namenode trash configuration: Deletion interval = 10 minutes, Emptier interval = 0 minutes.
]]></system-out>
  </testcase>
  <testcase name="testNonDefaultFS" classname="org.apache.hadoop.fs.TestTrash" time="0.025">
    <error message="Mkdirs failed to create file:/Volumes/Macintosh%20Users/Users/sungsoo/github/hadoop-2.4.0/hadoop-common-project/hadoop-common/target/test/data/testTrash/foo" type="java.io.IOException">java.io.IOException: Mkdirs failed to create file:/Volumes/Macintosh%20Users/Users/sungsoo/github/hadoop-2.4.0/hadoop-common-project/hadoop-common/target/test/data/testTrash/foo
	at org.apache.hadoop.fs.ChecksumFileSystem.create(ChecksumFileSystem.java:438)
	at org.apache.hadoop.fs.ChecksumFileSystem.create(ChecksumFileSystem.java:424)
	at org.apache.hadoop.fs.FileSystem.create(FileSystem.java:906)
	at org.apache.hadoop.fs.FileSystem.create(FileSystem.java:887)
	at org.apache.hadoop.fs.FileSystem.create(FileSystem.java:784)
	at org.apache.hadoop.fs.FileSystem.create(FileSystem.java:773)
	at org.apache.hadoop.fs.FileSystemTestHelper.writeFile(FileSystemTestHelper.java:183)
	at org.apache.hadoop.fs.TestTrash.trashNonDefaultFS(TestTrash.java:483)
	at org.apache.hadoop.fs.TestTrash.testNonDefaultFS(TestTrash.java:507)
</error>
  </testcase>
  <testcase name="testPluggableTrash" classname="org.apache.hadoop.fs.TestTrash" time="0.018"/>
  <testcase name="testTrashEmptier" classname="org.apache.hadoop.fs.TestTrash" time="0.035">
    <failure type="junit.framework.AssertionFailedError:">junit.framework.AssertionFailedError: null
	at junit.framework.Assert.fail(Assert.java:48)
	at junit.framework.Assert.assertTrue(Assert.java:20)
	at junit.framework.Assert.assertTrue(Assert.java:27)
	at org.apache.hadoop.fs.TestTrash.mkdir(TestTrash.java:49)
	at org.apache.hadoop.fs.TestTrash.testTrashEmptier(TestTrash.java:540)
</failure>
    <system-out><![CDATA[2014-04-20 10:24:07,484 INFO  Configuration.deprecation (Configuration.java:warnOnceIfDeprecated(1009)) - fs.default.name is deprecated. Instead, use fs.defaultFS
2014-04-20 10:24:07,484 INFO  fs.TrashPolicyDefault (TrashPolicyDefault.java:initialize(92)) - Namenode trash configuration: Deletion interval = 0 minutes, Emptier interval = 0 minutes.
]]></system-out>
  </testcase>
</testsuite>