<?xml version="1.0" encoding="UTF-8"?>
<testsuite name="org.apache.hadoop.fs.TestLocalFileSystem" time="0.687" tests="18" errors="1" skipped="1" failures="0">
  <properties>
    <property name="java.runtime.name" value="Java(TM) SE Runtime Environment"/>
    <property name="sun.boot.library.path" value="/System/Library/Java/JavaVirtualMachines/1.6.0.jdk/Contents/Libraries"/>
    <property name="java.vm.version" value="20.65-b04-462"/>
    <property name="awt.nativeDoubleBuffering" value="true"/>
    <property name="gopherProxySet" value="false"/>
    <property name="mrj.build" value="11M4609"/>
    <property name="java.vm.vendor" value="Apple Inc."/>
    <property name="java.vendor.url" value="http://www.apple.com/"/>
    <property name="path.separator" value=":"/>
    <property name="guice.disable.misplaced.annotation.check" value="true"/>
    <property name="java.vm.name" value="Java HotSpot(TM) 64-Bit Server VM"/>
    <property name="file.encoding.pkg" value="sun.io"/>
    <property name="user.country" value="US"/>
    <property name="sun.java.launcher" value="SUN_STANDARD"/>
    <property name="sun.os.patch.level" value="unknown"/>
    <property name="java.vm.specification.name" value="Java Virtual Machine Specification"/>
    <property name="user.dir" value="/Volumes/Macintosh Users/Users/sungsoo/github/hadoop-2.4.0"/>
    <property name="java.runtime.version" value="1.6.0_65-b14-462-11M4609"/>
    <property name="java.awt.graphicsenv" value="apple.awt.CGraphicsEnvironment"/>
    <property name="java.endorsed.dirs" value="/System/Library/Java/JavaVirtualMachines/1.6.0.jdk/Contents/Home/lib/endorsed"/>
    <property name="os.arch" value="x86_64"/>
    <property name="java.io.tmpdir" value="/var/folders/bc/f62d22p11t13xqyqxwm793mc0000gn/T/"/>
    <property name="line.separator" value="&#10;"/>
    <property name="java.vm.specification.vendor" value="Sun Microsystems Inc."/>
    <property name="os.name" value="Mac OS X"/>
    <property name="classworlds.conf" value="/opt/local/share/java/maven3/bin/m2.conf"/>
    <property name="sun.jnu.encoding" value="MacRoman"/>
    <property name="java.library.path" value=".:/Library/Java/Extensions:/System/Library/Java/Extensions:/usr/lib/java"/>
    <property name="java.specification.name" value="Java Platform API Specification"/>
    <property name="java.class.version" value="50.0"/>
    <property name="sun.management.compiler" value="HotSpot 64-Bit Tiered Compilers"/>
    <property name="os.version" value="10.9.2"/>
    <property name="http.nonProxyHosts" value="local|*.local|169.254/16|*.169.254/16"/>
    <property name="user.home" value="/Volumes/Macintosh Users/Users/sungsoo"/>
    <property name="user.timezone" value="Asia/Seoul"/>
    <property name="java.awt.printerjob" value="apple.awt.CPrinterJob"/>
    <property name="java.specification.version" value="1.6"/>
    <property name="file.encoding" value="MacRoman"/>
    <property name="user.name" value="sungsoo"/>
    <property name="java.class.path" value="/opt/local/share/java/maven3/boot/plexus-classworlds-2.4.jar"/>
    <property name="java.vm.specification.version" value="1.0"/>
    <property name="sun.arch.data.model" value="64"/>
    <property name="java.home" value="/System/Library/Java/JavaVirtualMachines/1.6.0.jdk/Contents/Home"/>
    <property name="sun.java.command" value="org.codehaus.plexus.classworlds.launcher.Launcher install"/>
    <property name="java.specification.vendor" value="Sun Microsystems Inc."/>
    <property name="user.language" value="en"/>
    <property name="awt.toolkit" value="apple.awt.CToolkit"/>
    <property name="java.vm.info" value="mixed mode"/>
    <property name="java.version" value="1.6.0_65"/>
    <property name="java.ext.dirs" value="/Library/Java/Extensions:/System/Library/Java/Extensions:/System/Library/Java/JavaVirtualMachines/1.6.0.jdk/Contents/Home/lib/ext"/>
    <property name="sun.boot.class.path" value="/System/Library/Java/JavaVirtualMachines/1.6.0.jdk/Contents/Classes/jsfd.jar:/System/Library/Java/JavaVirtualMachines/1.6.0.jdk/Contents/Classes/classes.jar:/System/Library/Frameworks/JavaVM.framework/Frameworks/JavaRuntimeSupport.framework/Resources/Java/JavaRuntimeSupport.jar:/System/Library/Java/JavaVirtualMachines/1.6.0.jdk/Contents/Classes/ui.jar:/System/Library/Java/JavaVirtualMachines/1.6.0.jdk/Contents/Classes/laf.jar:/System/Library/Java/JavaVirtualMachines/1.6.0.jdk/Contents/Classes/sunrsasign.jar:/System/Library/Java/JavaVirtualMachines/1.6.0.jdk/Contents/Classes/jsse.jar:/System/Library/Java/JavaVirtualMachines/1.6.0.jdk/Contents/Classes/jce.jar:/System/Library/Java/JavaVirtualMachines/1.6.0.jdk/Contents/Classes/charsets.jar"/>
    <property name="java.vendor" value="Apple Inc."/>
    <property name="maven.home" value="/opt/local/share/java/maven3"/>
    <property name="file.separator" value="/"/>
    <property name="java.vendor.url.bug" value="http://bugreport.apple.com/"/>
    <property name="sun.cpu.endian" value="little"/>
    <property name="sun.io.unicode.encoding" value="UnicodeLittle"/>
    <property name="mrj.version" value="1070.1.6.0_65-462"/>
    <property name="socksNonProxyHosts" value="local|*.local|169.254/16|*.169.254/16"/>
    <property name="ftp.nonProxyHosts" value="local|*.local|169.254/16|*.169.254/16"/>
    <property name="sun.cpu.isalist" value=""/>
  </properties>
  <testcase name="testWorkingDirectory" classname="org.apache.hadoop.fs.TestLocalFileSystem" time="0.345"/>
  <testcase name="testSyncable" classname="org.apache.hadoop.fs.TestLocalFileSystem" time="0.003"/>
  <testcase name="testCopy" classname="org.apache.hadoop.fs.TestLocalFileSystem" time="0.066"/>
  <testcase name="testHomeDirectory" classname="org.apache.hadoop.fs.TestLocalFileSystem" time="0.001"/>
  <testcase name="testPathEscapes" classname="org.apache.hadoop.fs.TestLocalFileSystem" time="0.012"/>
  <testcase name="testCreateFileAndMkdirs" classname="org.apache.hadoop.fs.TestLocalFileSystem" time="0.05"/>
  <testcase name="testBasicDelete" classname="org.apache.hadoop.fs.TestLocalFileSystem" time="0.025"/>
  <testcase name="testStatistics" classname="org.apache.hadoop.fs.TestLocalFileSystem" time="0.001"/>
  <testcase name="testHasFileDescriptor" classname="org.apache.hadoop.fs.TestLocalFileSystem" time="0.01"/>
  <testcase name="testListStatusWithColons" classname="org.apache.hadoop.fs.TestLocalFileSystem" time="0.004"/>
  <testcase name="testListStatusReturnConsistentPathOnWindows" classname="org.apache.hadoop.fs.TestLocalFileSystem" time="0">
    <skipped/>
  </testcase>
  <testcase name="testReportChecksumFailure" classname="org.apache.hadoop.fs.TestLocalFileSystem" time="0.023"/>
  <testcase name="testSetTimes" classname="org.apache.hadoop.fs.TestLocalFileSystem" time="0.011"/>
  <testcase name="testBufferedFSInputStream" classname="org.apache.hadoop.fs.TestLocalFileSystem" time="0.048"/>
  <testcase name="testRenameDirectory" classname="org.apache.hadoop.fs.TestLocalFileSystem" time="0.002"/>
  <testcase name="testRenameReplaceExistingEmptyDirectory" classname="org.apache.hadoop.fs.TestLocalFileSystem" time="0.024"/>
  <testcase name="testRenameMoveToExistingNonEmptyDirectory" classname="org.apache.hadoop.fs.TestLocalFileSystem" time="0.031"/>
  <testcase name="testStripFragmentFromPath" classname="org.apache.hadoop.fs.TestLocalFileSystem" time="0.031">
    <error message="Illegal character in path at index 23: file:/Volumes/Macintosh Users/Users/sungsoo/github/hadoop-2.4.0/hadoop-common-project/hadoop-common/target/test/data/work-dir/localfs/test-file#glacier" type="java.net.URISyntaxException"><![CDATA[java.net.URISyntaxException: Illegal character in path at index 23: file:/Volumes/Macintosh Users/Users/sungsoo/github/hadoop-2.4.0/hadoop-common-project/hadoop-common/target/test/data/work-dir/localfs/test-file#glacier
	at java.net.URI$Parser.fail(URI.java:2810)
	at java.net.URI$Parser.checkChars(URI.java:2983)
	at java.net.URI$Parser.parseHierarchical(URI.java:3067)
	at java.net.URI$Parser.parse(URI.java:3015)
	at java.net.URI.<init>(URI.java:577)
	at org.apache.hadoop.fs.TestLocalFileSystem.testStripFragmentFromPath(TestLocalFileSystem.java:551)
]]></error>
  </testcase>
</testsuite>